{
  "RSpec": {
    "coverage": {
      "/Users/preddy/Desktop/giftwiseproject-selt_2025_team_07/app/helpers/application_helper.rb": {
        "lines": [
          1,
          null
        ]
      },
      "/Users/preddy/Desktop/giftwiseproject-selt_2025_team_07/app/helpers/dashboard_helper.rb": {
        "lines": [
          1,
          null
        ]
      },
      "/Users/preddy/Desktop/giftwiseproject-selt_2025_team_07/app/helpers/events_helper.rb": {
        "lines": [
          1,
          null
        ]
      },
      "/Users/preddy/Desktop/giftwiseproject-selt_2025_team_07/app/helpers/home_helper.rb": {
        "lines": [
          1,
          null
        ]
      },
      "/Users/preddy/Desktop/giftwiseproject-selt_2025_team_07/app/helpers/profiles_helper.rb": {
        "lines": [
          1,
          null
        ]
      },
      "/Users/preddy/Desktop/giftwiseproject-selt_2025_team_07/app/controllers/ai_gift_suggestions_controller.rb": {
        "lines": [
          1,
          1,
          1,
          1,
          1,
          null,
          1,
          2,
          null,
          2,
          null,
          null,
          null,
          2,
          null,
          null,
          1,
          3,
          null,
          null,
          null,
          null,
          3,
          3,
          null,
          2,
          1,
          null,
          null,
          2,
          2,
          null,
          1,
          null,
          1,
          1,
          1,
          null,
          0,
          null,
          null,
          1,
          null,
          null,
          1,
          4,
          null,
          null,
          4,
          2,
          null,
          2,
          null,
          null,
          4,
          null,
          1,
          null,
          3,
          null,
          null,
          null,
          1,
          8,
          null,
          8,
          8,
          8,
          8,
          8,
          null,
          null,
          8,
          2,
          null,
          null,
          null,
          null,
          6,
          null,
          null,
          8,
          null,
          null,
          null,
          8,
          8,
          8,
          8,
          null,
          null,
          8,
          null,
          1,
          null,
          7,
          null,
          null,
          null,
          1,
          null,
          1,
          2,
          null,
          null,
          2,
          null,
          null,
          null,
          null,
          null,
          null,
          null,
          null,
          null,
          18,
          null,
          2,
          10,
          null,
          null,
          null,
          null,
          null,
          null,
          null,
          null,
          null,
          null,
          null,
          null,
          null,
          null,
          1,
          9,
          null,
          null,
          1,
          null,
          3,
          null,
          null,
          null,
          null,
          1,
          null,
          4,
          null,
          null
        ]
      },
      "/Users/preddy/Desktop/giftwiseproject-selt_2025_team_07/app/controllers/application_controller.rb": {
        "lines": [
          1,
          1,
          null,
          1,
          216,
          null,
          null,
          1,
          73,
          null,
          null,
          1,
          73,
          9,
          null,
          null,
          null,
          1,
          0,
          null,
          null
        ]
      },
      "/Users/preddy/Desktop/giftwiseproject-selt_2025_team_07/app/controllers/chatbots_controller.rb": {
        "lines": [
          null,
          1,
          1,
          null,
          1,
          15,
          15,
          15,
          null,
          15,
          4,
          null,
          11,
          null,
          null,
          14,
          null,
          null,
          null,
          null,
          1,
          1,
          null,
          null,
          null,
          null,
          null,
          1,
          null,
          null,
          null,
          1,
          4,
          null,
          2,
          null,
          null,
          null,
          null,
          null,
          null,
          2,
          null,
          null,
          2,
          2,
          null,
          null,
          null,
          null,
          null,
          1,
          10,
          10,
          null,
          10,
          null,
          8,
          null,
          null,
          8,
          3,
          null,
          5,
          null,
          null,
          8,
          null,
          null,
          null,
          null,
          1,
          null,
          21,
          null,
          3,
          3,
          null,
          1,
          1,
          null,
          null,
          null,
          17,
          1,
          1,
          null,
          null,
          16,
          null,
          1,
          null,
          null,
          1,
          null,
          null,
          1,
          null,
          null,
          null,
          1,
          null,
          null,
          1,
          null,
          null,
          2,
          1,
          1,
          1,
          1,
          1,
          1,
          1,
          1,
          null,
          null,
          1,
          null,
          null,
          null,
          null,
          null,
          null,
          1,
          20,
          null,
          null,
          20,
          2,
          18,
          1,
          17,
          2,
          15,
          5,
          10,
          3,
          null,
          null,
          7,
          1,
          6,
          0,
          6,
          0,
          6,
          0,
          6,
          1,
          5,
          1,
          4,
          1,
          3,
          0,
          null,
          3,
          null,
          null,
          null,
          null,
          null,
          1,
          16,
          null,
          16,
          3,
          null,
          13,
          null,
          null,
          null,
          1,
          null,
          14,
          null,
          null,
          null,
          null,
          null,
          null,
          null,
          null,
          1,
          null,
          3,
          null,
          null,
          null,
          null,
          null,
          null,
          null,
          null,
          null,
          null,
          null,
          null,
          null,
          null,
          1,
          9,
          null,
          null,
          null,
          null,
          null,
          1,
          1,
          null,
          null,
          null,
          null,
          null,
          null,
          null,
          1,
          4,
          null,
          4,
          4,
          null,
          null,
          0,
          0,
          null,
          0,
          0,
          null,
          0,
          null,
          0,
          null,
          0,
          0,
          null,
          null,
          null,
          null,
          1,
          3,
          null,
          1,
          1,
          null,
          null,
          null,
          1,
          2,
          null,
          2,
          2,
          null,
          null,
          0,
          0,
          null,
          0,
          0,
          null,
          0,
          0,
          null,
          null,
          0,
          0,
          0,
          null,
          null,
          null,
          0,
          null,
          null,
          null,
          null,
          1,
          3,
          null,
          3,
          2,
          null,
          null,
          null,
          null,
          1,
          1,
          1,
          null,
          0,
          null,
          1,
          null,
          null,
          1,
          null,
          null,
          null,
          null,
          null,
          1,
          1,
          1,
          null,
          1,
          null,
          1,
          1,
          0,
          null,
          null,
          null,
          1,
          null,
          null,
          null,
          null,
          0,
          null,
          0,
          null,
          0,
          0,
          null,
          null,
          null,
          0,
          null,
          null,
          0,
          0,
          0,
          0,
          0,
          null,
          null,
          0,
          0,
          null,
          0,
          null,
          null,
          null,
          null,
          null,
          null,
          null,
          null,
          null,
          null,
          1,
          7,
          null,
          7,
          7,
          null,
          null,
          0,
          0,
          0,
          null,
          null,
          null,
          null,
          1,
          5,
          null,
          5,
          5,
          null,
          null,
          0,
          null,
          0,
          0,
          0,
          null,
          null,
          0,
          null,
          null,
          null,
          null,
          null,
          1,
          3,
          null,
          null,
          null,
          null,
          null,
          null,
          null,
          1,
          3,
          null,
          null,
          null,
          null,
          null,
          1,
          1,
          null,
          null,
          null,
          null,
          null,
          null,
          1,
          1,
          null,
          null,
          null,
          null,
          null,
          1,
          1,
          null,
          null,
          null,
          null,
          null,
          1,
          1,
          null,
          null,
          null,
          null,
          1,
          2,
          null,
          null,
          null,
          null,
          null,
          1,
          2,
          null,
          null,
          null,
          null,
          null,
          1,
          2,
          null,
          null,
          null,
          null,
          1,
          1,
          null,
          null,
          null,
          null,
          1,
          4,
          null,
          null,
          null,
          null,
          null,
          null,
          null,
          null,
          1,
          5,
          null,
          null,
          1,
          10,
          null,
          null
        ]
      },
      "/Users/preddy/Desktop/giftwiseproject-selt_2025_team_07/app/controllers/dashboard_controller.rb": {
        "lines": [
          1,
          1,
          null,
          1,
          7,
          null,
          null,
          null,
          null,
          null,
          null
        ]
      },
      "/Users/preddy/Desktop/giftwiseproject-selt_2025_team_07/app/controllers/events_controller.rb": {
        "lines": [
          1,
          1,
          1,
          null,
          1,
          0,
          0,
          null,
          0,
          null,
          null,
          1,
          1,
          1,
          null,
          null,
          1,
          3,
          null,
          3,
          1,
          0,
          0,
          null,
          null,
          null,
          null,
          null,
          null,
          1,
          null,
          2,
          2,
          null,
          null,
          null,
          1,
          1,
          1,
          1,
          1,
          null,
          null,
          1,
          1,
          null,
          null,
          1,
          3,
          2,
          0,
          null,
          0,
          0,
          null,
          null,
          null,
          null,
          null,
          null,
          2,
          null,
          1,
          1,
          null,
          null,
          null,
          1,
          8,
          null,
          8,
          2,
          2,
          null,
          null,
          6,
          null,
          6,
          2,
          null,
          4,
          null,
          null,
          null,
          null,
          4,
          4,
          null,
          0,
          null,
          null,
          null,
          null,
          1,
          5,
          null,
          5,
          3,
          3,
          3,
          null,
          2,
          null,
          null,
          null,
          1,
          2,
          2,
          2,
          null,
          null,
          1,
          null,
          1,
          21,
          null,
          null,
          1,
          6,
          null,
          null
        ]
      },
      "/Users/preddy/Desktop/giftwiseproject-selt_2025_team_07/app/controllers/gift_ideas_controller.rb": {
        "lines": [
          null,
          1,
          1,
          1,
          null,
          1,
          3,
          null,
          null,
          1,
          7,
          null,
          7,
          null,
          null,
          null,
          3,
          null,
          null,
          4,
          4,
          null,
          null,
          null,
          1,
          2,
          2,
          null,
          2,
          3,
          3,
          null,
          null,
          null,
          1,
          null,
          1,
          null,
          null,
          12,
          null,
          null,
          1,
          12,
          null,
          null,
          1,
          7,
          null,
          null,
          null,
          null
        ]
      },
      "/Users/preddy/Desktop/giftwiseproject-selt_2025_team_07/app/controllers/home_controller.rb": {
        "lines": [
          1,
          1,
          2,
          1,
          null,
          1,
          null,
          null,
          null
        ]
      },
      "/Users/preddy/Desktop/giftwiseproject-selt_2025_team_07/app/controllers/password_resets_controller.rb": {
        "lines": [
          1,
          1,
          null,
          null,
          1,
          18,
          null,
          18,
          11,
          11,
          11,
          11,
          null,
          7,
          7,
          null,
          null,
          null,
          1,
          12,
          null,
          12,
          6,
          6,
          6,
          3,
          3,
          null,
          null,
          null,
          1,
          23,
          null,
          23,
          6,
          6,
          6,
          null,
          null,
          17,
          17,
          17,
          null,
          17,
          7,
          7,
          7,
          null,
          10,
          10,
          null,
          null,
          null
        ]
      },
      "/Users/preddy/Desktop/giftwiseproject-selt_2025_team_07/app/controllers/profiles_controller.rb": {
        "lines": [
          1,
          1,
          1,
          null,
          1,
          null,
          null,
          1,
          16,
          null,
          16,
          13,
          13,
          null,
          null,
          16,
          8,
          null,
          8,
          null,
          null,
          null,
          1,
          null,
          1,
          20,
          null,
          null,
          1,
          16,
          null,
          null,
          null,
          null,
          null,
          null,
          null,
          null,
          null,
          null,
          null,
          null,
          null,
          null
        ]
      },
      "/Users/preddy/Desktop/giftwiseproject-selt_2025_team_07/app/controllers/recipients_controller.rb": {
        "lines": [
          null,
          1,
          1,
          1,
          null,
          1,
          3,
          null,
          null,
          1,
          0,
          null,
          null,
          1,
          1,
          null,
          null,
          1,
          null,
          null,
          1,
          null,
          null,
          1,
          null,
          null,
          1,
          1,
          null,
          1,
          1,
          null,
          0,
          null,
          null,
          null,
          1,
          2,
          1,
          null,
          1,
          null,
          null,
          null,
          1,
          1,
          1,
          null,
          null,
          1,
          null,
          1,
          5,
          null,
          null,
          1,
          3,
          null,
          null,
          null,
          null,
          null,
          null,
          null,
          null,
          null,
          null,
          null,
          null,
          null,
          null,
          null
        ]
      },
      "/Users/preddy/Desktop/giftwiseproject-selt_2025_team_07/app/controllers/registrations_controller.rb": {
        "lines": [
          1,
          1,
          3,
          null,
          null,
          1,
          8,
          8,
          5,
          5,
          null,
          3,
          null,
          null,
          null,
          1,
          null,
          1,
          8,
          null,
          null
        ]
      },
      "/Users/preddy/Desktop/giftwiseproject-selt_2025_team_07/app/controllers/sessions_controller.rb": {
        "lines": [
          1,
          1,
          null,
          null,
          1,
          28,
          null,
          28,
          3,
          3,
          3,
          null,
          null,
          25,
          20,
          20,
          null,
          5,
          5,
          null,
          null,
          null,
          1,
          17,
          17,
          null,
          17,
          14,
          14,
          null,
          3,
          null,
          null,
          null,
          1,
          2,
          null,
          null,
          1,
          8,
          8,
          null,
          null
        ]
      },
      "/Users/preddy/Desktop/giftwiseproject-selt_2025_team_07/app/controllers/wishlists_controller.rb": {
        "lines": [
          1,
          null,
          null,
          null,
          1,
          null,
          1,
          null,
          null,
          null,
          null,
          null,
          null
        ]
      },
      "/Users/preddy/Desktop/giftwiseproject-selt_2025_team_07/app/mailers/PasswordResetMailer.rb": {
        "lines": [
          1,
          1,
          null,
          1,
          24,
          24,
          24,
          null,
          24,
          null,
          null,
          null,
          48,
          48,
          null,
          null,
          null
        ]
      },
      "/Users/preddy/Desktop/giftwiseproject-selt_2025_team_07/app/mailers/application_mailer.rb": {
        "lines": [
          1,
          1,
          1,
          null
        ]
      },
      "/Users/preddy/Desktop/giftwiseproject-selt_2025_team_07/app/models/authentication.rb": {
        "lines": [
          1,
          1,
          null,
          1,
          1,
          null
        ]
      },
      "/Users/preddy/Desktop/giftwiseproject-selt_2025_team_07/app/models/application_record.rb": {
        "lines": [
          1,
          1,
          null
        ]
      },
      "/Users/preddy/Desktop/giftwiseproject-selt_2025_team_07/app/models/event.rb": {
        "lines": [
          1,
          1,
          1,
          1,
          1,
          null,
          1,
          1,
          1,
          1,
          null,
          10,
          2,
          null,
          1,
          0,
          null,
          null,
          1,
          8,
          7,
          null,
          null,
          1,
          null,
          1,
          84,
          0,
          null,
          null,
          null
        ]
      },
      "/Users/preddy/Desktop/giftwiseproject-selt_2025_team_07/app/models/gift_idea.rb": {
        "lines": [
          null,
          1,
          1,
          1,
          1,
          null
        ]
      },
      "/Users/preddy/Desktop/giftwiseproject-selt_2025_team_07/app/models/password_reset_token.rb": {
        "lines": [
          1,
          1,
          null,
          1,
          null,
          1,
          1,
          1,
          null,
          3,
          null,
          1,
          30,
          null,
          null,
          1,
          11,
          null,
          null,
          1,
          null,
          1,
          101,
          null,
          null,
          1,
          101,
          null,
          null,
          1,
          104,
          null,
          null
        ]
      },
      "/Users/preddy/Desktop/giftwiseproject-selt_2025_team_07/app/models/recipient.rb": {
        "lines": [
          1,
          1,
          1,
          1,
          1,
          1,
          1,
          0,
          null,
          null,
          1,
          null,
          null,
          null,
          null,
          null,
          null,
          null,
          null,
          null,
          1,
          1,
          null,
          null,
          null,
          null,
          null,
          null,
          1,
          null,
          null,
          null,
          1,
          null,
          null,
          1,
          null,
          null,
          null,
          1,
          1,
          null,
          null
        ]
      },
      "/Users/preddy/Desktop/giftwiseproject-selt_2025_team_07/app/models/user.rb": {
        "lines": [
          1,
          1,
          1,
          1,
          1,
          1,
          1,
          null,
          1,
          1,
          1,
          null,
          1,
          1,
          null,
          1,
          1,
          433,
          1,
          1,
          1,
          null,
          1,
          null,
          1,
          374,
          null,
          1,
          24,
          null,
          24,
          24,
          null,
          24,
          13,
          null,
          null,
          null,
          null,
          13,
          9,
          9,
          9,
          null,
          null,
          11,
          null,
          null,
          null,
          11,
          11,
          null,
          11,
          null,
          null,
          null,
          null,
          null,
          null,
          null,
          24,
          null,
          null,
          1,
          386,
          null,
          null,
          1,
          49,
          48,
          null,
          0,
          null,
          null,
          1,
          53,
          null,
          null,
          1,
          6,
          null,
          null,
          1,
          2,
          1,
          null,
          null,
          1,
          22,
          null,
          null,
          1,
          null,
          1,
          150,
          null,
          null,
          1,
          373,
          null,
          null,
          1,
          337,
          337,
          null,
          null,
          1,
          432,
          403,
          null,
          null,
          1,
          388,
          null,
          386,
          386,
          386,
          386,
          386,
          null,
          null
        ]
      },
      "/Users/preddy/Desktop/giftwiseproject-selt_2025_team_07/app/controllers/gift_given_backlogs_controller.rb": {
        "lines": [
          1,
          1,
          null,
          1,
          1,
          1,
          null,
          null,
          null,
          1,
          2,
          2,
          2,
          null,
          2,
          1,
          null,
          1,
          null,
          null,
          null,
          null,
          1,
          2,
          2,
          null,
          2,
          3,
          3,
          null,
          null,
          null,
          null,
          null,
          1,
          null,
          1,
          5,
          null,
          null,
          1,
          null,
          1,
          2,
          null,
          null,
          null,
          null,
          null,
          null,
          null,
          null,
          null,
          null,
          null,
          null,
          null
        ]
      },
      "/Users/preddy/Desktop/giftwiseproject-selt_2025_team_07/app/services/ai/gemini_client.rb": {
        "lines": [
          null,
          1,
          1,
          1,
          1,
          null,
          1,
          1,
          1,
          null,
          1,
          9,
          null,
          null,
          9,
          null,
          null,
          null,
          null,
          9,
          null,
          null,
          null,
          null,
          null,
          9,
          null,
          null,
          null,
          null,
          9,
          null,
          null,
          null,
          null,
          1,
          9,
          null,
          null,
          9,
          null,
          null,
          null,
          null,
          null,
          null,
          null,
          null,
          null,
          null,
          null,
          null,
          null,
          null,
          null,
          null,
          null,
          null,
          null,
          null,
          null,
          null,
          null,
          9,
          null,
          null,
          null,
          null,
          null,
          null,
          null,
          null,
          null,
          null,
          null,
          9,
          9,
          9,
          null,
          9,
          9,
          null,
          null,
          9,
          9,
          9,
          null,
          9,
          null,
          9,
          1,
          null,
          null,
          8,
          8,
          null,
          null,
          null,
          null,
          6,
          null,
          null,
          5,
          null,
          null,
          4,
          null,
          null,
          1,
          null,
          0,
          null,
          null,
          5,
          1,
          1,
          null,
          null,
          null,
          null,
          4,
          null,
          1,
          null,
          null,
          1,
          null,
          null,
          1,
          8,
          8,
          null,
          7,
          7,
          7,
          13,
          null,
          7,
          null,
          6,
          null,
          null,
          null
        ]
      },
      "/Users/preddy/Desktop/giftwiseproject-selt_2025_team_07/app/services/ai/gift_suggester.rb": {
        "lines": [
          null,
          1,
          null,
          1,
          1,
          1,
          8,
          8,
          8,
          8,
          null,
          8,
          8,
          null,
          null,
          null,
          null,
          null,
          null,
          1,
          8,
          null,
          8,
          null,
          null,
          null,
          null,
          null,
          8,
          null,
          null,
          null,
          8,
          null,
          null,
          null,
          null,
          null,
          null,
          null,
          null,
          null,
          8,
          null,
          8,
          null,
          null,
          9,
          8,
          null,
          8,
          8,
          12,
          12,
          12,
          null,
          11,
          null,
          11,
          9,
          null,
          7,
          null,
          7,
          7,
          7,
          7,
          null,
          7,
          7,
          null,
          7,
          null,
          null,
          null,
          null,
          null,
          null,
          null,
          null,
          null,
          null,
          null,
          null,
          null,
          null,
          null,
          null,
          null,
          null,
          null,
          8,
          null,
          null,
          null,
          1,
          null,
          null,
          null,
          null,
          null,
          null,
          1,
          12,
          2,
          null,
          null,
          10,
          2,
          null,
          null,
          8,
          2,
          2,
          null,
          2,
          2,
          null,
          null,
          null,
          null,
          null,
          1,
          12,
          null,
          null,
          1,
          4,
          null,
          null,
          1,
          7,
          null,
          1,
          1,
          null,
          1,
          1,
          null,
          null,
          null
        ]
      },
      "/Users/preddy/Desktop/giftwiseproject-selt_2025_team_07/app/services/ai/prompt_builder.rb": {
        "lines": [
          null,
          1,
          null,
          1,
          1,
          1,
          10,
          10,
          10,
          10,
          10,
          10,
          13,
          null,
          null,
          1,
          10,
          null,
          null,
          null,
          null,
          null,
          null,
          null,
          null,
          null,
          null,
          null,
          null,
          null,
          null,
          null,
          null,
          null,
          null,
          null,
          null,
          null,
          null,
          null,
          null,
          null,
          null,
          null,
          null,
          null,
          null,
          null,
          null,
          null,
          null,
          null,
          null,
          null,
          null,
          null,
          null,
          null,
          null,
          null,
          null,
          null,
          null,
          null,
          null,
          null,
          null,
          null,
          null,
          null,
          null,
          null,
          null,
          null,
          null,
          null,
          null,
          null,
          null,
          null,
          null,
          null,
          null,
          null,
          1,
          null,
          1,
          153,
          null,
          null,
          1,
          30,
          7,
          null,
          null,
          1,
          10,
          7,
          null,
          3,
          3,
          null,
          null,
          null,
          1,
          10,
          null,
          5,
          null,
          null,
          1,
          10,
          null,
          0,
          0,
          null,
          null,
          0,
          null,
          null,
          null
        ]
      },
      "/Users/preddy/Desktop/giftwiseproject-selt_2025_team_07/app/services/unsplash_client.rb": {
        "lines": [
          null,
          1,
          1,
          1,
          1,
          1,
          null,
          1,
          1,
          null,
          1,
          7,
          null,
          null,
          7,
          null,
          null,
          null,
          null,
          7,
          null,
          null,
          null,
          null,
          7,
          null,
          null,
          null,
          1,
          7,
          null,
          5,
          null,
          5,
          5,
          null,
          null,
          5,
          0,
          null,
          null,
          5,
          5,
          null,
          5,
          null,
          5,
          null,
          4,
          3,
          3,
          null,
          2,
          null,
          1,
          null,
          null,
          null
        ]
      },
      "/Users/preddy/Desktop/giftwiseproject-selt_2025_team_07/app/models/event_recipient.rb": {
        "lines": [
          1,
          1,
          1,
          1,
          1,
          null,
          1,
          null
        ]
      },
      "/Users/preddy/Desktop/giftwiseproject-selt_2025_team_07/app/models/ai_gift_suggestion.rb": {
        "lines": [
          1,
          1,
          1,
          1,
          1,
          null,
          1,
          null
        ]
      },
      "/Users/preddy/Desktop/giftwiseproject-selt_2025_team_07/app/models/wishlist.rb": {
        "lines": [
          1,
          1,
          1,
          null
        ]
      },
      "/Users/preddy/Desktop/giftwiseproject-selt_2025_team_07/app/models/gift_given_backlog.rb": {
        "lines": [
          1,
          1,
          1,
          1,
          1,
          1,
          1,
          null,
          null
        ]
      },
      "/Users/preddy/Desktop/giftwiseproject-selt_2025_team_07/app/controllers/passwords_controller.rb": {
        "lines": [
          1,
          1,
          1,
          null,
          1,
          null,
          null,
          1,
          7,
          5,
          1,
          1,
          1,
          null,
          null,
          null,
          6,
          6,
          null,
          6,
          4,
          null,
          2,
          null,
          null,
          null,
          1,
          null,
          1,
          8,
          null,
          null
        ]
      },
      "/Users/preddy/Desktop/giftwiseproject-selt_2025_team_07/app/channels/application_cable/channel.rb": {
        "lines": [
          0,
          0,
          0,
          0
        ],
        "branches": {}
      },
      "/Users/preddy/Desktop/giftwiseproject-selt_2025_team_07/app/channels/application_cable/connection.rb": {
        "lines": [
          0,
          0,
          0,
          0
        ],
        "branches": {}
      },
      "/Users/preddy/Desktop/giftwiseproject-selt_2025_team_07/app/jobs/application_job.rb": {
        "lines": [
          0,
          null,
          null,
          null,
          null,
          null,
          0
        ],
        "branches": {}
      },
      "/Users/preddy/Desktop/giftwiseproject-selt_2025_team_07/app/models/audit_log.rb": {
        "lines": [
          0,
          0,
          0
        ],
        "branches": {}
      },
      "/Users/preddy/Desktop/giftwiseproject-selt_2025_team_07/app/models/collaborator.rb": {
        "lines": [
          0,
          0,
          0,
          0
        ],
        "branches": {}
      },
      "/Users/preddy/Desktop/giftwiseproject-selt_2025_team_07/app/models/gift_suggestion.rb": {
        "lines": [
          0,
          0,
          0,
          0,
          0,
          0
        ],
        "branches": {}
      },
      "/Users/preddy/Desktop/giftwiseproject-selt_2025_team_07/app/models/message.rb": {
        "lines": [
          0,
          0
        ],
        "branches": {}
      },
      "/Users/preddy/Desktop/giftwiseproject-selt_2025_team_07/app/models/notification.rb": {
        "lines": [
          0,
          0,
          0,
          0
        ],
        "branches": {}
      }
    },
    "timestamp": 1763703852
  }
}
